[debug] [2021-10-12T21:37:03.690Z] ----------------------------------------------------------------------
[debug] [2021-10-12T21:37:03.692Z] Command:       C:\Program Files\nodejs\node.exe C:\Users\Star\AppData\Roaming\npm\node_modules\firebase-tools\lib\bin\firebase.js init
[debug] [2021-10-12T21:37:03.692Z] CLI Version:   9.20.0
[debug] [2021-10-12T21:37:03.692Z] Platform:      win32
[debug] [2021-10-12T21:37:03.692Z] Node Version:  v14.18.0
[debug] [2021-10-12T21:37:03.693Z] Time:          Wed Oct 13 2021 03:37:03 GMT+0600 (Bangladesh Standard Time)
[debug] [2021-10-12T21:37:03.693Z] ----------------------------------------------------------------------
[debug] 
[debug] [2021-10-12T21:37:03.700Z] > command requires scopes: ["email","openid","https://www.googleapis.com/auth/cloudplatformprojects.readonly","https://www.googleapis.com/auth/firebase","https://www.googleapis.com/auth/cloud-platform"]
[debug] [2021-10-12T21:37:03.700Z] > authorizing via signed-in user (ariful15-11556@diu.edu.bd)
[info] 
     ######## #### ########  ######## ########     ###     ######  ########
     ##        ##  ##     ## ##       ##     ##  ##   ##  ##       ##
     ######    ##  ########  ######   ########  #########  ######  ######
     ##        ##  ##    ##  ##       ##     ## ##     ##       ## ##
     ##       #### ##     ## ######## ########  ##     ##  ######  ########

You're about to initialize a Firebase project in this directory:

  C:\Project\Milestone-10\ema-john-simple-module-54

Before we get started, keep in mind:

  * You are currently outside your home directory

